app/build/outputs/logs/manifest-merger-debug-report.txt
-- Merging decision tree log ---
manifest
ADDED from src/main/AndroidManifest.xml:2:1-93:12
	package
		ADDED from src/main/AndroidManifest.xml:3:5-38
		INJECTED from src/main/AndroidManifest.xml
		INJECTED from src/main/AndroidManifest.xml
	android:versionName
		ADDED from src/main/AndroidManifest.xml:5:5-30
		INJECTED from src/main/AndroidManifest.xml
		INJECTED from src/main/AndroidManifest.xml
	android:versionCode
		ADDED from src/main/AndroidManifest.xml:4:5-28
		INJECTED from src/main/AndroidManifest.xml
		INJECTED from src/main/AndroidManifest.xml
	xmlns:android
		ADDED from src/main/AndroidManifest.xml:2:11-69
uses-sdk
ADDED from src/main/AndroidManifest.xml:7:5-9:41
	android:targetSdkVersion
		ADDED from src/main/AndroidManifest.xml:9:9-38
		INJECTED from src/main/AndroidManifest.xml
		INJECTED from src/main/AndroidManifest.xml
	android:minSdkVersion
		ADDED from src/main/AndroidManifest.xml:8:9-34
		INJECTED from src/main/AndroidManifest.xml
		INJECTED from src/main/AndroidManifest.xml
uses-permission#android.permission.GET_TASKS
ADDED from src/main/AndroidManifest.xml:11:5-68
	android:name
		ADDED from src/main/AndroidManifest.xml:11:22-65
uses-permission#android.permission.READ_LOGS
ADDED from src/main/AndroidManifest.xml:12:5-68
	android:name
		ADDED from src/main/AndroidManifest.xml:12:22-65
application
ADDED from src/main/AndroidManifest.xml:14:5-91:19
	android:label
		ADDED from src/main/AndroidManifest.xml:17:9-41
	android:allowBackup
		ADDED from src/main/AndroidManifest.xml:15:9-35
	android:icon
		ADDED from src/main/AndroidManifest.xml:16:9-45
	android:theme
		ADDED from src/main/AndroidManifest.xml:18:9-40
activity#com.example.appstracker.SplashScreenActivity
ADDED from src/main/AndroidManifest.xml:19:9-29:20
	android:screenOrientation
		ADDED from src/main/AndroidManifest.xml:22:13-49
	android:label
		ADDED from src/main/AndroidManifest.xml:21:13-45
	android:windowSoftInputMode
		ADDED from src/main/AndroidManifest.xml:23:13-54
	android:name
		ADDED from src/main/AndroidManifest.xml:20:13-72
intent-filter#android.intent.action.MAIN+android.intent.category.LAUNCHER
ADDED from src/main/AndroidManifest.xml:24:13-28:29
action#android.intent.action.MAIN
ADDED from src/main/AndroidManifest.xml:25:17-69
	android:name
		ADDED from src/main/AndroidManifest.xml:25:25-66
category#android.intent.category.LAUNCHER
ADDED from src/main/AndroidManifest.xml:27:17-77
	android:name
		ADDED from src/main/AndroidManifest.xml:27:27-74
activity#com.example.appstracker.MainActivity
ADDED from src/main/AndroidManifest.xml:30:9-34:20
	android:screenOrientation
		ADDED from src/main/AndroidManifest.xml:32:13-49
	android:windowSoftInputMode
		ADDED from src/main/AndroidManifest.xml:33:13-54
	android:name
		ADDED from src/main/AndroidManifest.xml:31:13-64
activity#com.example.appstracker.ScreenLockActivity
ADDED from src/main/AndroidManifest.xml:35:9-44:20
	android:screenOrientation
		ADDED from src/main/AndroidManifest.xml:37:13-49
	android:windowSoftInputMode
		ADDED from src/main/AndroidManifest.xml:38:13-54
	android:name
		ADDED from src/main/AndroidManifest.xml:36:13-70
intent-filter#android.intent.action.MAIN+android.intent.category.DEFAULT
ADDED from src/main/AndroidManifest.xml:39:13-43:29
category#android.intent.category.DEFAULT
ADDED from src/main/AndroidManifest.xml:42:17-76
	android:name
		ADDED from src/main/AndroidManifest.xml:42:27-73
activity#com.example.appstracker.AppsListActivity
ADDED from src/main/AndroidManifest.xml:45:9-49:20
	android:screenOrientation
		ADDED from src/main/AndroidManifest.xml:47:13-49
	android:windowSoftInputMode
		ADDED from src/main/AndroidManifest.xml:48:13-54
	android:name
		ADDED from src/main/AndroidManifest.xml:46:13-68
activity#com.example.appstracker.SettingsActivity
ADDED from src/main/AndroidManifest.xml:50:9-54:20
	android:screenOrientation
		ADDED from src/main/AndroidManifest.xml:52:13-49
	android:windowSoftInputMode
		ADDED from src/main/AndroidManifest.xml:53:13-54
	android:name
		ADDED from src/main/AndroidManifest.xml:51:13-68
activity#com.example.appstracker.VerificationActivity
ADDED from src/main/AndroidManifest.xml:55:9-59:20
	android:screenOrientation
		ADDED from src/main/AndroidManifest.xml:57:13-49
	android:windowSoftInputMode
		ADDED from src/main/AndroidManifest.xml:58:13-54
	android:name
		ADDED from src/main/AndroidManifest.xml:56:13-72
activity#com.example.appstracker.HistoryActivity
ADDED from src/main/AndroidManifest.xml:60:11-64:20
	android:screenOrientation
		ADDED from src/main/AndroidManifest.xml:62:13-49
	android:windowSoftInputMode
		ADDED from src/main/AndroidManifest.xml:63:13-54
	android:name
		ADDED from src/main/AndroidManifest.xml:61:13-67
service#com.example.appstracker.DetectService
ADDED from src/main/AndroidManifest.xml:66:9-68:38
	android:enabled
		ADDED from src/main/AndroidManifest.xml:68:13-35
	android:name
		ADDED from src/main/AndroidManifest.xml:67:13-42
receiver#com.example.appstracker.AlarmReceiver
ADDED from src/main/AndroidManifest.xml:70:9-77:20
	android:enabled
		ADDED from src/main/AndroidManifest.xml:72:13-35
	android:exported
		ADDED from src/main/AndroidManifest.xml:73:13-36
	android:name
		ADDED from src/main/AndroidManifest.xml:71:13-65
intent-filter#com.example.appstracker.MYRECEIVER
ADDED from src/main/AndroidManifest.xml:74:13-76:29
action#com.example.appstracker.MYRECEIVER
ADDED from src/main/AndroidManifest.xml:75:17-77
	android:name
		ADDED from src/main/AndroidManifest.xml:75:25-74
receiver#com.example.appstracker.utils.AdminReceiver
ADDED from src/main/AndroidManifest.xml:78:9-90:20
	android:label
		ADDED from src/main/AndroidManifest.xml:80:13-43
	android:permission
		ADDED from src/main/AndroidManifest.xml:81:13-70
	android:name
		ADDED from src/main/AndroidManifest.xml:79:13-71
meta-data#android.app.device_admin
ADDED from src/main/AndroidManifest.xml:82:13-84:55
	android:resource
		ADDED from src/main/AndroidManifest.xml:84:17-52
	android:name
		ADDED from src/main/AndroidManifest.xml:83:17-56
intent-filter#android.app.action.DEVICE_ADMIN_DISABLED+android.app.action.DEVICE_ADMIN_ENABLED
ADDED from src/main/AndroidManifest.xml:86:13-89:29
action#android.app.action.DEVICE_ADMIN_ENABLED
ADDED from src/main/AndroidManifest.xml:87:17-82
	android:name
		ADDED from src/main/AndroidManifest.xml:87:25-79
action#android.app.action.DEVICE_ADMIN_DISABLED
ADDED from src/main/AndroidManifest.xml:88:17-83
	android:name
		ADDED from src/main/AndroidManifest.xml:88:25-80